\BOOKMARK [0][-]{chapter*.1}{\376\377\000L\000i\000s\000t\000e\000\040\000d\000e\000s\000\040\000f\000i\000g\000u\000r\000e\000s}{}% 1
\BOOKMARK [0][-]{chapter*.2}{\376\377\000L\000i\000s\000t\000e\000\040\000d\000e\000s\000\040\000t\000a\000b\000l\000e\000a\000u\000x}{}% 2
\BOOKMARK [0][-]{chapter*.4}{\376\377\000I\000n\000t\000r\000o\000d\000u\000c\000t\000i\000o\000n\000\040\000g\000\351\000n\000\351\000r\000a\000l\000e}{}% 3
\BOOKMARK [0][-]{chapter.1}{\376\377\000\311\000t\000u\000d\000e\000\040\000d\000e\000\040\000l\000'\000\351\000c\000o\000s\000y\000s\000t\000\350\000m\000e\000\040\000c\000o\000m\000m\000e\000r\000c\000i\000a\000l}{}% 4
\BOOKMARK [1][-]{section.1.1}{\376\377\000I\000n\000t\000r\000o\000d\000u\000c\000t\000i\000o\000n}{chapter.1}% 5
\BOOKMARK [1][-]{section.1.2}{\376\377\000D\000\351\000f\000i\000n\000i\000t\000i\000o\000n\000\040\000d\000e\000\040\000l\000'\000\351\000c\000o\000s\000y\000s\000t\000\350\000m\000e\000\040\000c\000o\000m\000m\000e\000r\000c\000i\000a\000l}{chapter.1}% 6
\BOOKMARK [1][-]{section.1.3}{\376\377\000F\000l\000u\000x\000\040\000d\000'\000i\000n\000f\000o\000r\000m\000a\000t\000i\000o\000n\000s}{chapter.1}% 7
\BOOKMARK [2][-]{subsection.1.3.1}{\376\377\000D\000\351\000f\000i\000n\000i\000t\000i\000o\000n}{section.1.3}% 8
\BOOKMARK [2][-]{subsection.1.3.2}{\376\377\000D\000e\000s\000c\000r\000i\000p\000t\000i\000o\000n\000\040\000d\000e\000s\000\040\000a\000c\000t\000e\000u\000r\000\040\000d\000e\000\040\000f\000l\000u\000x}{section.1.3}% 9
\BOOKMARK [2][-]{subsection.1.3.3}{\376\377\000D\000i\000a\000g\000r\000a\000m\000m\000e\000\040\000d\000e\000\040\000f\000l\000u\000x\000\040\000d\000e\000\040\000d\000o\000n\000n\000\351\000e\000s}{section.1.3}% 10
\BOOKMARK [1][-]{section.1.4}{\376\377\000E\000t\000u\000d\000e\000\040\000d\000e\000s\000\040\000p\000r\000o\000c\000e\000d\000u\000r\000e\000s}{chapter.1}% 11
\BOOKMARK [2][-]{subsection.1.4.1}{\376\377\000D\000i\000a\000g\000r\000a\000m\000m\000e\000\040\000d\000e\000\040\000p\000r\000o\000c\000e\000d\000u\000r\000e\000s}{section.1.4}% 12
\BOOKMARK [2][-]{subsection.1.4.2}{\376\377\000D\000e\000s\000c\000r\000i\000p\000t\000i\000o\000n\000\040\000d\000e\000s\000\040\000o\000p\000\351\000r\000a\000t\000i\000o\000n\000s}{section.1.4}% 13
\BOOKMARK [1][-]{section.1.5}{\376\377\000\311\000t\000u\000d\000e\000\040\000d\000o\000c\000u\000m\000e\000n\000t\000a\000i\000r\000e}{chapter.1}% 14
\BOOKMARK [2][-]{subsection.1.5.1}{\376\377\000D\000\351\000f\000i\000n\000i\000t\000i\000o\000n\000\040\000d\040\031\000u\000n\000\040\000d\000o\000c\000u\000m\000e\000n\000t\000\040}{section.1.5}% 15
\BOOKMARK [2][-]{subsection.1.5.2}{\376\377\000L\000i\000s\000t\000e\000\040\000d\000e\000s\000\040\000d\000o\000c\000u\000m\000e\000n\000t\000s}{section.1.5}% 16
\BOOKMARK [2][-]{subsection.1.5.3}{\376\377\000T\000a\000b\000l\000e\000a\000u\000\040\000d\000\351\000s\000i\000g\000n\000a\000t\000i\000o\000n\000\040\000d\000e\000s\000\040\000a\000b\000r\000\351\000v\000i\000a\000t\000i\000o\000n\000s}{section.1.5}% 17
\BOOKMARK [2][-]{subsection.1.5.4}{\376\377\000F\000i\000c\000h\000e\000\040\000d\040\031\000\351\000t\000u\000d\000e\000\040\000d\000e\000\040\000d\000o\000c\000u\000m\000e\000n\000t\000\040\000N\000\260\0001}{section.1.5}% 18
\BOOKMARK [2][-]{subsection.1.5.5}{\376\377\000F\000i\000c\000h\000e\000\040\000d\040\031\000\351\000t\000u\000d\000e\000\040\000d\000e\000\040\000d\000o\000c\000u\000m\000e\000n\000t\000\040\000N\000\260\0002}{section.1.5}% 19
\BOOKMARK [2][-]{subsection.1.5.6}{\376\377\000F\000i\000c\000h\000e\000\040\000d\040\031\000\351\000t\000u\000d\000e\000\040\000d\000e\000\040\000d\000o\000c\000u\000m\000e\000n\000t\000\040\000N\000\260\0003}{section.1.5}% 20
\BOOKMARK [2][-]{subsection.1.5.7}{\376\377\000F\000i\000c\000h\000e\000\040\000d\040\031\000\351\000t\000u\000d\000e\000\040\000d\000e\000\040\000d\000o\000c\000u\000m\000e\000n\000t\000\040\000N\000\260\0004}{section.1.5}% 21
\BOOKMARK [2][-]{subsection.1.5.8}{\376\377\000F\000i\000c\000h\000e\000\040\000d\040\031\000\351\000t\000u\000d\000e\000\040\000d\000e\000\040\000d\000o\000c\000u\000m\000e\000n\000t\000\040\000N\000\260\0005}{section.1.5}% 22
\BOOKMARK [2][-]{subsection.1.5.9}{\376\377\000F\000i\000c\000h\000e\000\040\000d\040\031\000\351\000t\000u\000d\000e\000\040\000d\000e\000\040\000d\000o\000c\000u\000m\000e\000n\000t\000\040\000N\000\260\0006}{section.1.5}% 23
\BOOKMARK [2][-]{subsection.1.5.10}{\376\377\000F\000i\000c\000h\000e\000\040\000d\040\031\000\351\000t\000u\000d\000e\000\040\000d\000e\000\040\000d\000o\000c\000u\000m\000e\000n\000t\000\040\000N\000\260\0007}{section.1.5}% 24
\BOOKMARK [1][-]{section.1.6}{\376\377\000\311\000t\000u\000d\000e\000\040\000d\000e\000s\000\040\000a\000c\000t\000e\000u\000r\000s\000\040\000d\000e\000\040\000l\000'\000\351\000c\000o\000s\000y\000s\000t\000\350\000m\000e\000\040\000c\000o\000m\000m\000e\000r\000c\000i\000a\000l}{chapter.1}% 25
\BOOKMARK [2][-]{subsection.1.6.1}{\376\377\000C\000o\000n\000s\000o\000m\000m\000a\000t\000e\000u\000r}{section.1.6}% 26
\BOOKMARK [2][-]{subsection.1.6.2}{\376\377\000S\000e\000r\000v\000i\000c\000e\000\040\000c\000o\000m\000m\000e\000r\000c\000i\000a\000l\000e}{section.1.6}% 27
\BOOKMARK [2][-]{subsection.1.6.3}{\376\377\000G\000e\000s\000t\000i\000o\000n\000n\000a\000i\000r\000e\000\040\000d\000e\000\040\000s\000t\000o\000c\000k}{section.1.6}% 28
\BOOKMARK [2][-]{subsection.1.6.4}{\376\377\000P\000e\000r\000s\000o\000n\000n\000e\000l\000\040\000d\000e\000\040\000c\000a\000i\000s\000s\000e\000\040}{section.1.6}% 29
\BOOKMARK [2][-]{subsection.1.6.5}{\376\377\000A\000d\000m\000i\000n\000i\000s\000t\000r\000a\000t\000e\000u\000r\000\040\000d\000e\000s\000\040\000v\000e\000n\000t\000e\000s}{section.1.6}% 30
\BOOKMARK [2][-]{subsection.1.6.6}{\376\377\000M\000a\000g\000a\000s\000i\000n\000i\000e\000r}{section.1.6}% 31
\BOOKMARK [2][-]{subsection.1.6.7}{\376\377\000S\000e\000r\000v\000i\000c\000e\000\040\000d\000e\000\040\000l\000i\000v\000r\000a\000i\000s\000o\000n}{section.1.6}% 32
\BOOKMARK [1][-]{section.1.7}{\376\377\000l\000'\000e\000x\000e\000m\000p\000l\000e\000\040\000d\000'\000a\000p\000p\000l\000i\000c\000a\000t\000i\000o\000n\000\040\000e\000x\000i\000s\000t\000a\000n\000t\000\050\000l\000o\000g\000i\000c\000i\000e\000l\000\040\000d\000e\000\040\000g\000e\000s\000t\000i\000o\000n\000\040\000d\000u\000\040\000s\000t\000o\000c\000k\000\050\000D\000j\000a\000w\000a\000h\000i\000r\000s\000o\000f\000t\000\051\000\051}{chapter.1}% 33
\BOOKMARK [1][-]{section.1.8}{\376\377\000P\000r\000o\000b\000l\000\351\000m\000a\000t\000i\000q\000u\000e}{chapter.1}% 34
\BOOKMARK [1][-]{section.1.9}{\376\377\000S\000o\000l\000u\000t\000i\000o\000n}{chapter.1}% 35
\BOOKMARK [2][-]{subsection.1.9.1}{\376\377\000P\000o\000u\000r\000\040\000l\000e\000s\000\040\000g\000r\000o\000s\000s\000i\000s\000t\000e\000s}{section.1.9}% 36
\BOOKMARK [2][-]{subsection.1.9.2}{\376\377\000P\000o\000u\000r\000\040\000l\000e\000s\000\040\000d\000\351\000t\000a\000i\000l\000l\000a\000n\000t\000s}{section.1.9}% 37
\BOOKMARK [2][-]{subsection.1.9.3}{\376\377\000P\000o\000u\000r\000\040\000l\000e\000s\000\040\000e\000n\000t\000r\000e\000p\000r\000i\000s\000e\000s}{section.1.9}% 38
\BOOKMARK [1][-]{section.1.10}{\376\377\000C\000o\000n\000c\000l\000u\000s\000i\000o\000n}{chapter.1}% 39
\BOOKMARK [-1][-]{part.1}{\376\377\000I\000\040\000P\000l\000a\000t\000f\000o\000r\000m\000e\000\040\000w\000e\000b\000\040\000e\000t\000\040\000a\000p\000p\000l\000i\000c\000a\000t\000i\000o\000n\000\040\000m\000o\000b\000i\000l\000e}{}% 40
\BOOKMARK [0][-]{chapter.2}{\376\377\000E\000x\000p\000r\000e\000s\000i\000o\000n\000\040\000d\000e\000s\000\040\000b\000e\000s\000o\000i\000n\000s}{part.1}% 41
\BOOKMARK [1][-]{section.2.1}{\376\377\000I\000n\000t\000r\000o\000d\000u\000c\000t\000i\000o\000n\000\040}{chapter.2}% 42
\BOOKMARK [1][-]{section.2.2}{\376\377\000S\000p\000\351\000c\000i\000f\000i\000c\000a\000t\000i\000o\000n\000\040\000d\000e\000s\000\040\000b\000e\000s\000o\000i\000n\000s}{chapter.2}% 43
\BOOKMARK [2][-]{subsection.2.2.1}{\376\377\000L\000e\000s\000\040\000b\000e\000s\000o\000i\000n\000s\000\040\000f\000o\000n\000c\000t\000i\000o\000n\000n\000e\000l\000s\000\040}{section.2.2}% 44
\BOOKMARK [2][-]{subsection.2.2.2}{\376\377\000L\000e\000s\000\040\000b\000e\000s\000o\000i\000n\000s\000\040\000n\000o\000n\000\040\000f\000o\000n\000c\000t\000i\000o\000n\000n\000e\000l\000s}{section.2.2}% 45
\BOOKMARK [1][-]{section.2.3}{\376\377\000D\000i\000a\000g\000r\000a\000m\000m\000e\000\040\000d\000e\000\040\000c\000a\000s\000\040\000d\000'\000u\000t\000i\000l\000i\000s\000a\000t\000i\000o\000n}{chapter.2}% 46
\BOOKMARK [2][-]{subsection.2.3.1}{\376\377\000D\000\351\000f\000i\000n\000i\000t\000i\000o\000n}{section.2.3}% 47
\BOOKMARK [2][-]{subsection.2.3.2}{\376\377\000I\000d\000e\000n\000t\000i\000f\000i\000c\000a\000t\000i\000o\000n\000\040\000d\000e\000s\000\040\000a\000c\000t\000e\000u\000r\000s\000\040\000e\000t\000\040\000l\000e\000s\000\040\000c\000a\000s\000\040\000d\000'\000u\000t\000i\000l\000i\000s\000a\000t\000i\000o\000n\000s}{section.2.3}% 48
\BOOKMARK [1][-]{section.2.4}{\376\377\000D\000i\000a\000g\000r\000a\000m\000m\000e\000s\000\040\000d\000e\000\040\000s\000\351\000q\000u\000e\000n\000c\000e\000s}{chapter.2}% 49
\BOOKMARK [2][-]{subsection.2.4.1}{\376\377\000D\000\351\000f\000i\000n\000i\000t\000i\000o\000n}{section.2.4}% 50
\BOOKMARK [1][-]{section.2.5}{\376\377\000C\000o\000n\000c\000l\000u\000s\000i\000o\000n}{chapter.2}% 51
\BOOKMARK [0][-]{chapter.3}{\376\377\000A\000n\000a\000l\000y\000s\000e\000\040\000d\000e\000s\000\040\000b\000e\000s\000o\000i\000n\000s}{part.1}% 52
\BOOKMARK [1][-]{section.3.1}{\376\377\000I\000n\000t\000r\000o\000d\000u\000c\000t\000i\000o\000n}{chapter.3}% 53
\BOOKMARK [1][-]{section.3.2}{\376\377\000L\000e\000s\000\040\000d\000i\000a\000g\000r\000a\000m\000m\000e\000s\000\040\000d\000e\000\040\000s\000\351\000q\000u\000e\000n\000c\000e\000\040\000d\000\351\000t\000a\000i\000l\000l\000\351\000s}{chapter.3}% 54
\BOOKMARK [2][-]{subsection.3.2.1}{\376\377\000D\000\351\000f\000i\000n\000i\000t\000i\000o\000n}{section.3.2}% 55
\BOOKMARK [2][-]{subsection.3.2.2}{\376\377\000L\000a\000\040\000d\000i\000f\000f\000\351\000r\000e\000n\000c\000e\000\040\000e\000n\000t\000r\000e\000\040\000u\000n\000\040\000d\000i\000a\000g\000r\000a\000m\000m\000e\000\040\000d\000e\000\040\000s\000\351\000q\000u\000e\000n\000c\000e\000\040\000s\000i\000m\000p\000l\000e\000\040\000e\000t\000\040\000d\000\351\000t\000a\000i\000l\000l\000\351\000.}{section.3.2}% 56
\BOOKMARK [1][-]{section.3.3}{\376\377\000D\000i\000a\000g\000r\000a\000m\000m\000e\000\040\000d\000'\000a\000c\000t\000i\000v\000i\000t\000\351}{chapter.3}% 57
\BOOKMARK [2][-]{subsection.3.3.1}{\376\377\000D\000\351\000f\000i\000n\000i\000t\000i\000o\000n}{section.3.3}% 58
\BOOKMARK [1][-]{section.3.4}{\376\377\000C\000o\000n\000c\000l\000u\000s\000i\000o\000n}{chapter.3}% 59
\BOOKMARK [0][-]{chapter.4}{\376\377\000C\000o\000n\000c\000e\000p\000t\000i\000o\000n}{part.1}% 60
\BOOKMARK [1][-]{section.4.1}{\376\377\000I\000n\000t\000r\000o\000d\000u\000c\000t\000i\000o\000n}{chapter.4}% 61
\BOOKMARK [1][-]{section.4.2}{\376\377\000D\000i\000a\000g\000r\000a\000m\000m\000e\000\040\000d\000e\000\040\000c\000l\000a\000s\000s\000e}{chapter.4}% 62
\BOOKMARK [2][-]{subsection.4.2.1}{\376\377\000D\000i\000c\000t\000i\000o\000n\000n\000a\000i\000r\000e\000\040\000d\000e\000\040\000d\000o\000n\000n\000\351\000e\000s}{section.4.2}% 63
\BOOKMARK [2][-]{subsection.4.2.2}{\376\377\000L\000e\000s\000\040\000r\000\350\000g\000l\000e\000s\000\040\000d\000e\000\040\000g\000e\000s\000t\000i\000o\000n}{section.4.2}% 64
\BOOKMARK [2][-]{subsection.4.2.3}{\376\377\000P\000r\000\351\000s\000e\000n\000t\000a\000t\000i\000o\000n\000\040\000d\000u\000\040\000d\000i\000a\000g\000r\000a\000m\000m\000e\000\040\000d\000e\000\040\000c\000l\000a\000s\000s\000e}{section.4.2}% 65
\BOOKMARK [2][-]{subsection.4.2.4}{\376\377\000P\000a\000s\000s\000a\000g\000e\000\040\000d\000u\000\040\000d\000i\000a\000g\000r\000a\000m\000m\000e\000\040\000d\000e\000\040\000c\000l\000a\000s\000s\000e\000s\000\040\000a\000u\000\040\000m\000o\000d\000\350\000l\000e\000\040\000r\000e\000l\000a\000t\000i\000o\000n\000n\000e\000l\000\040}{section.4.2}% 66
\BOOKMARK [1][-]{section.4.3}{\376\377\000C\000o\000n\000c\000l\000u\000s\000i\000o\000n}{chapter.4}% 67
\BOOKMARK [-1][-]{part.2}{\376\377\000I\000I\000\040\000L\000o\000g\000i\000c\000i\000e\000l\000\040\000d\000e\000\040\000g\000e\000s\000t\000i\000o\000n\000\040\000d\000u\000\040\000s\000t\000o\000c\000k}{}% 68
\BOOKMARK [0][-]{chapter.5}{\376\377\000E\000x\000p\000r\000e\000s\000i\000o\000n\000\040\000d\000e\000s\000\040\000b\000e\000s\000o\000i\000n\000s}{part.2}% 69
\BOOKMARK [1][-]{section.5.1}{\376\377\000I\000n\000t\000r\000o\000d\000u\000c\000t\000i\000o\000n}{chapter.5}% 70
\BOOKMARK [1][-]{section.5.2}{\376\377\000S\000p\000\351\000c\000i\000f\000i\000c\000a\000t\000i\000o\000n\000\040\000d\000e\000s\000\040\000b\000e\000s\000o\000i\000n\000s}{chapter.5}% 71
\BOOKMARK [2][-]{subsection.5.2.1}{\376\377\000L\000e\000s\000\040\000b\000e\000s\000o\000i\000n\000s\000\040\000f\000o\000n\000c\000t\000i\000o\000n\000n\000e\000l\000s\000\040}{section.5.2}% 72
\BOOKMARK [2][-]{subsection.5.2.2}{\376\377\000L\000e\000s\000\040\000b\000e\000s\000o\000i\000n\000s\000\040\000n\000o\000n\000\040\000f\000o\000n\000c\000t\000i\000o\000n\000n\000e\000l\000s}{section.5.2}% 73
\BOOKMARK [1][-]{section.5.3}{\376\377\000\040\000D\000i\000a\000g\000r\000a\000m\000m\000e\000\040\000d\000e\000\040\000c\000a\000s\000\040\000d\000'\000u\000t\000i\000l\000i\000s\000a\000t\000i\000o\000n\000\040}{chapter.5}% 74
\BOOKMARK [2][-]{subsection.5.3.1}{\376\377\000I\000d\000e\000n\000t\000i\000f\000i\000c\000a\000t\000i\000o\000n\000\040\000d\000e\000s\000\040\000a\000c\000t\000e\000u\000r\000s\000\040\000e\000t\000\040\000l\000e\000s\000\040\000c\000a\000s\000\040\000d\000'\000u\000t\000i\000l\000i\000s\000a\000t\000i\000o\000n\000s}{section.5.3}% 75
\BOOKMARK [1][-]{section.5.4}{\376\377\000D\000i\000a\000g\000r\000a\000m\000m\000e\000s\000\040\000d\000e\000\040\000s\000\351\000q\000u\000e\000n\000c\000e\000s}{chapter.5}% 76
\BOOKMARK [1][-]{section.5.5}{\376\377\000C\000o\000n\000c\000l\000u\000s\000i\000o\000n}{chapter.5}% 77
\BOOKMARK [0][-]{chapter.6}{\376\377\000A\000n\000a\000l\000y\000s\000e\000\040\000d\000e\000s\000\040\000b\000e\000s\000o\000i\000n\000s}{part.2}% 78
\BOOKMARK [1][-]{section.6.1}{\376\377\000I\000n\000t\000r\000o\000d\000u\000c\000t\000i\000o\000n}{chapter.6}% 79
\BOOKMARK [1][-]{section.6.2}{\376\377\000D\000i\000a\000g\000r\000a\000m\000m\000e\000\040\000d\000'\000a\000c\000t\000i\000v\000i\000t\000\351}{chapter.6}% 80
\BOOKMARK [1][-]{section.6.3}{\376\377\000L\000e\000s\000\040\000d\000i\000a\000g\000r\000a\000m\000m\000e\000s\000\040\000d\000e\000\040\000s\000\351\000q\000u\000e\000n\000c\000e\000\040\000d\000\351\000t\000a\000i\000l\000l\000\351}{chapter.6}% 81
\BOOKMARK [1][-]{section.6.4}{\376\377\000C\000o\000n\000c\000l\000u\000s\000i\000o\000n}{chapter.6}% 82
\BOOKMARK [0][-]{chapter.7}{\376\377\000C\000o\000n\000c\000e\000p\000t\000i\000o\000n}{part.2}% 83
\BOOKMARK [1][-]{section.7.1}{\376\377\000I\000n\000t\000r\000o\000d\000u\000c\000t\000i\000o\000n}{chapter.7}% 84
\BOOKMARK [1][-]{section.7.2}{\376\377\000d\000i\000a\000g\000r\000a\000m\000m\000e\000\040\000d\000e\000\040\000c\000l\000a\000s\000s\000e}{chapter.7}% 85
\BOOKMARK [2][-]{subsection.7.2.1}{\376\377\000D\000i\000c\000t\000i\000o\000n\000n\000a\000i\000r\000e\000\040\000d\000e\000\040\000d\000o\000n\000n\000\351\000e\000s}{section.7.2}% 86
\BOOKMARK [2][-]{subsection.7.2.2}{\376\377\000L\000e\000s\000\040\000r\000\350\000g\000l\000e\000s\000\040\000d\000e\000\040\000g\000e\000s\000t\000i\000o\000n}{section.7.2}% 87
\BOOKMARK [2][-]{subsection.7.2.3}{\376\377\000P\000r\000\351\000s\000e\000n\000t\000a\000t\000i\000o\000n\000\040\000d\000u\000\040\000d\000i\000a\000g\000r\000a\000m\000m\000e\000\040\000d\000e\000\040\000c\000l\000a\000s\000s\000e}{section.7.2}% 88
\BOOKMARK [2][-]{subsection.7.2.4}{\376\377\000P\000a\000s\000s\000a\000g\000e\000\040\000d\000u\000\040\000d\000i\000a\000g\000r\000a\000m\000m\000e\000\040\000d\000e\000\040\000c\000l\000a\000s\000s\000e\000s\000\040\000a\000u\000\040\000m\000o\000d\000\350\000l\000e\000\040\000r\000e\000l\000a\000t\000i\000o\000n\000n\000e\000l\000\040}{section.7.2}% 89
\BOOKMARK [1][-]{section.7.3}{\376\377\000C\000o\000n\000c\000l\000u\000s\000i\000o\000n}{chapter.7}% 90
\BOOKMARK [0][-]{chapter.8}{\376\377\000S\000y\000s\000t\000\350\000m\000e\000\040\000d\000e\000\040\000r\000e\000c\000o\000m\000m\000a\000n\000d\000a\000t\000i\000o\000n}{part.2}% 91
\BOOKMARK [1][-]{section.8.1}{\376\377\000I\000n\000t\000r\000o\000d\000u\000c\000t\000i\000o\000n}{chapter.8}% 92
\BOOKMARK [1][-]{section.8.2}{\376\377\000C\000o\000m\000m\000e\000n\000t\000\040\000f\000o\000n\000c\000t\000i\000o\000n\000n\000e\000n\000t\000-\000i\000l\000s\000\040\000?}{chapter.8}% 93
\BOOKMARK [1][-]{section.8.3}{\376\377\000T\000y\000p\000e\000s\000\040\000d\000e\000\040\000s\000y\000s\000t\000\350\000m\000e\000s\000\040\000d\000e\000\040\000r\000e\000c\000o\000m\000m\000a\000n\000d\000a\000t\000i\000o\000n}{chapter.8}% 94
\BOOKMARK [1][-]{section.8.4}{\376\377\000O\000b\000j\000e\000c\000t\000i\000f\000s\000\040\000d\000u\000\040\000S\000y\000s\000t\000\350\000m\000e\000\040\000d\000e\000\040\000R\000e\000c\000o\000m\000m\000a\000n\000d\000a\000t\000i\000o\000n}{chapter.8}% 95
\BOOKMARK [1][-]{section.8.5}{\376\377\000L\000'\000I\000m\000p\000a\000c\000t\000\040\000d\000e\000s\000\040\000R\000e\000c\000o\000m\000m\000a\000n\000d\000a\000t\000i\000o\000n\000s\000\040\000P\000e\000r\000s\000o\000n\000n\000a\000l\000i\000s\000\351\000e\000s}{chapter.8}% 96
\BOOKMARK [1][-]{section.8.6}{\376\377\000U\000t\000i\000l\000i\000s\000a\000t\000i\000o\000n\000\040\000d\000e\000\040\000L\000i\000g\000h\000t\000F\000M}{chapter.8}% 97
\BOOKMARK [1][-]{section.8.7}{\376\377\000P\000o\000u\000r\000q\000u\000o\000i\000\040\000L\000i\000g\000h\000t\000F\000M\000\040\000?}{chapter.8}% 98
\BOOKMARK [1][-]{section.8.8}{\376\377\000M\000\351\000t\000h\000o\000d\000e\000\040\000d\000e\000\040\000C\000a\000l\000c\000u\000l\000\040\000d\000u\000\040\000M\000o\000d\000\350\000l\000e\000\040\000L\000i\000g\000h\000t\000F\000M}{chapter.8}% 99
\BOOKMARK [2][-]{subsection.8.8.1}{\376\377\000F\000a\000c\000t\000o\000r\000i\000s\000a\000t\000i\000o\000n\000\040\000M\000a\000t\000r\000i\000c\000i\000e\000l\000l\000e}{section.8.8}% 100
\BOOKMARK [2][-]{subsection.8.8.2}{\376\377\000F\000o\000n\000c\000t\000i\000o\000n\000\040\000d\000e\000\040\000P\000e\000r\000t\000e}{section.8.8}% 101
\BOOKMARK [2][-]{subsection.8.8.3}{\376\377\000O\000p\000t\000i\000m\000i\000s\000a\000t\000i\000o\000n}{section.8.8}% 102
\BOOKMARK [2][-]{subsection.8.8.4}{\376\377\000P\000r\000\351\000d\000i\000c\000t\000i\000o\000n}{section.8.8}% 103
\BOOKMARK [1][-]{section.8.9}{\376\377\000I\000m\000p\000l\000\351\000m\000e\000n\000t\000a\000t\000i\000o\000n\000\040\000e\000n\000\040\000L\000i\000g\000h\000t\000F\000M}{chapter.8}% 104
\BOOKMARK [2][-]{subsection.8.9.1}{\376\377\000C\000h\000a\000r\000g\000e\000m\000e\000n\000t\000\040\000d\000e\000s\000\040\000d\000o\000n\000n\000\351\000e\000s\000\040\000e\000t\000\040\000c\000r\000\351\000a\000t\000i\000o\000n\000\040\000d\000u\000\040\000m\000o\000d\000\350\000l\000e}{section.8.9}% 105
\BOOKMARK [2][-]{subsection.8.9.2}{\376\377\000\311\000v\000a\000l\000u\000a\000t\000i\000o\000n\000\040\000d\000u\000\040\000m\000o\000d\000\350\000l\000e}{section.8.9}% 106
\BOOKMARK [2][-]{subsection.8.9.3}{\376\377\000G\000\351\000n\000\351\000r\000a\000t\000i\000o\000n\000\040\000d\000e\000\040\000r\000e\000c\000o\000m\000m\000a\000n\000d\000a\000t\000i\000o\000n\000s}{section.8.9}% 107
\BOOKMARK [1][-]{section.8.10}{\376\377\000C\000o\000n\000c\000l\000u\000s\000i\000o\000n}{chapter.8}% 108
\BOOKMARK [0][-]{chapter.9}{\376\377\000I\000m\000p\000l\000\351\000m\000e\000n\000t\000a\000t\000i\000o\000n}{part.2}% 109
\BOOKMARK [1][-]{section.9.1}{\376\377\000I\000n\000t\000r\000o\000d\000u\000c\000t\000i\000o\000n}{chapter.9}% 110
\BOOKMARK [1][-]{section.9.2}{\376\377\000E\000n\000v\000i\000r\000o\000n\000n\000e\000m\000e\000n\000t\000\040\000d\000e\000\040\000d\000\351\000v\000e\000l\000o\000p\000p\000e\000m\000e\000n\000t\000\040}{chapter.9}% 111
\BOOKMARK [2][-]{subsection.9.2.1}{\376\377\000E\000n\000v\000i\000r\000o\000n\000n\000e\000m\000e\000n\000t\000\040\000M\000a\000t\000\351\000r\000i\000e\000l\000\040}{section.9.2}% 112
\BOOKMARK [2][-]{subsection.9.2.2}{\376\377\000E\000n\000v\000i\000r\000o\000n\000n\000e\000m\000e\000n\000t\000\040\000l\000o\000g\000i\000c\000i\000e\000l\000\040}{section.9.2}% 113
\BOOKMARK [1][-]{section.9.3}{\376\377\000M\000o\000n\000g\000o\000D\000B}{chapter.9}% 114
\BOOKMARK [2][-]{subsection.9.3.1}{\376\377\000M\000o\000n\000g\000o\000D\000B\000\040\000a\000t\000l\000a\000s}{section.9.3}% 115
\BOOKMARK [2][-]{subsection.9.3.2}{\376\377\000M\000o\000n\000g\000o\000D\000B\000\040\000C\000o\000m\000p\000a\000s\000s\000\040}{section.9.3}% 116
\BOOKMARK [1][-]{section.9.4}{\376\377\000P\000r\000\351\000s\000e\000n\000t\000a\000t\000i\000o\000n\000\040\000d\000e\000\040\000n\000o\000t\000r\000e\000\040\000l\000o\000g\000o}{chapter.9}% 117
\BOOKMARK [1][-]{section.9.5}{\376\377\000C\000o\000n\000c\000e\000p\000t\000i\000o\000n\000\040\000d\000e\000s\000\040\000i\000n\000t\000e\000r\000f\000a\000c\000e\000s\000\040}{chapter.9}% 118
\BOOKMARK [1][-]{section.9.6}{\376\377\000P\000r\000\351\000s\000e\000n\000t\000a\000t\000i\000o\000n\000\040\000d\000e\000s\000\040\000i\000n\000t\000e\000r\000f\000a\000c\000e\000s\000\040}{chapter.9}% 119
\BOOKMARK [2][-]{subsection.9.6.1}{\376\377\000L\000e\000s\000\040\000i\000n\000t\000e\000r\000f\000a\000c\000e\000s\000\040\000d\000e\000\040\000s\000i\000t\000e\000\040\000w\000e\000b}{section.9.6}% 120
\BOOKMARK [2][-]{subsection.9.6.2}{\376\377\000L\000e\000s\000\040\000i\000n\000t\000e\000r\000f\000a\000c\000e\000s\000\040\000d\000'\000a\000p\000p\000l\000i\000c\000a\000t\000i\000o\000n}{section.9.6}% 121
\BOOKMARK [2][-]{subsection.9.6.3}{\376\377\000L\000e\000s\000\040\000i\000n\000t\000e\000r\000f\000a\000c\000e\000s\000\040\000d\000e\000\040\000l\000o\000g\000i\000c\000i\000e\000l}{section.9.6}% 122
\BOOKMARK [1][-]{section.9.7}{\376\377\000C\000o\000n\000c\000l\000u\000s\000i\000o\000n}{chapter.9}% 123
\BOOKMARK [0][-]{chapter*.72}{\376\377\000B\000i\000b\000l\000i\000o\000g\000r\000a\000p\000h\000i\000e}{part.2}% 124
